<?xml version="1.0" encoding="UTF-8"?>
<!-- Generated by org.testng.reporters.JUnitXMLReporter -->
<testsuite ignored="0" hostname="LTCH-5CD1184D98" failures="1" tests="3" name="Error Validations Test" time="64.452" errors="0" timestamp="2024-08-04T22:11:52 IST">
  <testcase classname="Abhi.Ram.ErrorValidationsTest" name="loginErrorValidation" time="12.851">
    <skipped/>
  </testcase> <!-- loginErrorValidation -->
  <testcase classname="Abhi.Ram.ErrorValidationsTest" name="loginErrorValidation" time="9.345">
    <failure type="java.lang.AssertionError" message="expected [Incorrect email or password.] but found [Incorrect email password.]">
      <![CDATA[java.lang.AssertionError: expected [Incorrect email or password.] but found [Incorrect email password.]
at Abhi.Ram.ErrorValidationsTest.loginErrorValidation(ErrorValidationsTest.java:19)
at java.base/java.util.ArrayList.forEach(ArrayList.java:1511)
at java.base/java.util.concurrent.FutureTask.run(FutureTask.java:264)
at java.base/java.util.concurrent.ThreadPoolExecutor.runWorker(ThreadPoolExecutor.java:1136)
at java.base/java.util.concurrent.ThreadPoolExecutor$Worker.run(ThreadPoolExecutor.java:635)
at java.base/java.lang.Thread.run(Thread.java:840)
... Removed 24 stack frames]]>
    </failure>
  </testcase> <!-- loginErrorValidation -->
  <testcase classname="Abhi.Ram.ErrorValidationsTest" name="productErrorValidation" time="41.605"/>
</testsuite> <!-- Error Validations Test -->
